<?xml version="1.0" encoding="UTF-8"?>
<!-- Generated by org.testng.reporters.JUnitReportReporter -->
<testsuite hostname="MyNotebookPro44" failures="0" tests="1" name="Testcases.LoginTestCase" time="11.778" errors="0" timestamp="2022-12-09T13:16:39 IST" skipped="0">
  <testcase classname="Testcases.LoginTestCase" name="login" time="11.778"/>
  <system-out/>
</testsuite> <!-- Testcases.LoginTestCase -->
