<?xml version="1.0" encoding="UTF-8"?>
<!-- Generated by org.testng.reporters.JUnitReportReporter -->
<testsuite hostname="MyNotebookPro44" failures="0" tests="1" name="Testcases.test" time="11.416" errors="0" timestamp="2022-12-07T08:00:08 IST" skipped="0">
  <testcase classname="Testcases.test" name="method1" time="11.416"/>
  <system-out/>
</testsuite> <!-- Testcases.test -->
