<?xml version="1.0" encoding="UTF-8"?>
<!-- Generated by org.testng.reporters.JUnitReportReporter -->
<testsuite hostname="MyNotebookPro44" failures="0" tests="1" name="Testcases.SignUpTestCase" time="29.625" errors="0" timestamp="2022-12-09T13:16:39 IST" skipped="0">
  <testcase classname="Testcases.SignUpTestCase" name="VerifySignUp" time="29.625"/>
  <system-out/>
</testsuite> <!-- Testcases.SignUpTestCase -->
